<?xml version="1.0" encoding="UTF-8"?>
<!-- Generated by org.testng.reporters.JUnitReportReporter -->
<testsuite hostname="Mina-10" failures="0" tests="1" name="Tests.UnSuccessfullLoginAttempt" time="12.944" errors="0" timestamp="2024-03-12T18:57:35 EET" skipped="0">
  <testcase classname="Tests.UnSuccessfullLoginAttempt" name="TestUnSuccessfullLogin" time="12.944"/>
  <system-out/>
</testsuite> <!-- Tests.UnSuccessfullLoginAttempt -->
