<?xml version="1.0" encoding="UTF-8"?>
<!-- Generated by org.testng.reporters.JUnitReportReporter -->
<testsuite hostname="Mina-10" failures="0" tests="1" name="Tests.UnSuccessfullLoginAttempt" time="4.042" errors="0" timestamp="2024-03-12T15:46:47 EET" skipped="0">
  <testcase classname="Tests.UnSuccessfullLoginAttempt" name="TestUnSuccessfullLogin" time="4.042"/>
  <system-out/>
</testsuite> <!-- Tests.UnSuccessfullLoginAttempt -->
